<?xml version="1.0" encoding="UTF-8"?>
<testng-results skipped="0" failed="0" total="0" passed="0">
  <reporter-output>
  </reporter-output>
  <suite name="com.qa.CucumberTestng.com.AppTest" duration-ms="37" started-at="2018-10-22T09:08:21Z" finished-at="2018-10-22T09:08:21Z">
    <groups>
    </groups>
    <test name="Command line test" duration-ms="37" started-at="2018-10-22T09:08:21Z" finished-at="2018-10-22T09:08:21Z">
    </test> <!-- Command line test -->
  </suite> <!-- com.qa.CucumberTestng.com.AppTest -->
</testng-results>
