<?xml version="1.0" encoding="UTF-8"?>
<testng-results skipped="0" failed="0" total="1" passed="1">
  <reporter-output>
  </reporter-output>
  <suite name="Default suite" duration-ms="488" started-at="2018-10-22T12:30:39Z" finished-at="2018-10-22T12:30:39Z">
    <groups>
      <group name="cucumber">
        <method signature="TestRunner.feature(cucumber.api.testng.CucumberFeatureWrapper)[pri:0, instance:TesRunner.TestRunner@6a41eaa2]" name="feature" class="TesRunner.TestRunner"/>
      </group> <!-- cucumber -->
    </groups>
    <test name="Default test" duration-ms="488" started-at="2018-10-22T12:30:39Z" finished-at="2018-10-22T12:30:39Z">
      <class name="TesRunner.TestRunner">
        <test-method status="PASS" signature="setup()[pri:0, instance:TesRunner.TestRunner@6a41eaa2]" name="setup" is-config="true" duration-ms="255" started-at="2018-10-22T18:00:39Z" finished-at="2018-10-22T18:00:39Z">
          <reporter-output>
          </reporter-output>
        </test-method> <!-- setup -->
        <test-method status="PASS" signature="feature(cucumber.api.testng.CucumberFeatureWrapper)[pri:0, instance:TesRunner.TestRunner@6a41eaa2]" name="feature" duration-ms="79" started-at="2018-10-22T18:00:39Z" description="Runs cucumber features" data-provider="features" finished-at="2018-10-22T18:00:39Z">
          <params>
            <param index="0">
              <value>
                <![CDATA[Sign In]]>
              </value>
            </param>
          </params>
          <reporter-output>
          </reporter-output>
        </test-method> <!-- feature -->
        <test-method status="PASS" signature="testdownclass()[pri:0, instance:TesRunner.TestRunner@6a41eaa2]" name="testdownclass" is-config="true" duration-ms="37" started-at="2018-10-22T18:00:39Z" finished-at="2018-10-22T18:00:39Z">
          <reporter-output>
          </reporter-output>
        </test-method> <!-- testdownclass -->
      </class> <!-- TesRunner.TestRunner -->
    </test> <!-- Default test -->
  </suite> <!-- Default suite -->
</testng-results>
